<?xml version="1.0" encoding="UTF-8"?>
<!-- Generated by org.testng.reporters.JUnitXMLReporter -->
<testsuite ignored="8" hostname="DESKTOP-6E75GLM" failures="0" tests="1" name="Default test" time="2.434" errors="0" timestamp="2022-07-13T16:46:17 CEST">
  <testcase classname="testCases.v1_page_id_components" name="checkResponseBody" time="0.029"/>
  <testcase classname="testCases.v1_page_id_components" name="verifyPostGrouping" time="0.0">
    <ignored/>
  </testcase> <!-- verifyPostGrouping -->
  <testcase classname="testCases.v1_page_id_components" name="checkResponseTime" time="0.0">
    <ignored/>
  </testcase> <!-- checkResponseTime -->
  <testcase classname="testCases.v1_page_id_components" name="ckeckStatusCode" time="0.0">
    <ignored/>
  </testcase> <!-- ckeckStatusCode -->
  <testcase classname="testCases.v1_page_id_components" name="verifyPostStatusCategoryIsPredefined" time="0.0">
    <ignored/>
  </testcase> <!-- verifyPostStatusCategoryIsPredefined -->
  <testcase classname="testCases.v1_page_id_components" name="verifyPostIdIsUnique" time="0.0">
    <ignored/>
  </testcase> <!-- verifyPostIdIsUnique -->
  <testcase classname="testCases.v1_page_id_components" name="verifyPostRequiredFields" time="0.0">
    <ignored/>
  </testcase> <!-- verifyPostRequiredFields -->
  <testcase classname="testCases.v1_page_id_components" name="verifyPostStatusCode" time="0.0">
    <ignored/>
  </testcase> <!-- verifyPostStatusCode -->
  <testcase classname="testCases.v1_page_id_components" name="verifyConnectionStatus" time="0.0">
    <ignored/>
  </testcase> <!-- verifyConnectionStatus -->
</testsuite> <!-- Default test -->
