<?xml version="1.0" encoding="UTF-8"?>
<!-- Generated by org.testng.reporters.JUnitXMLReporter -->
<testsuite ignored="0" hostname="DESKTOP-6E75GLM" failures="4" tests="25" name="restAssuredTests" time="16.07" errors="0" timestamp="2022-07-13T17:31:27 CEST">
  <testcase classname="testCases.v1_pages" name="checkContentLength" time="0.007"/>
  <testcase classname="testCases.v1_pages" name="checkContentType" time="0.001"/>
  <testcase classname="testCases.v1_pages" name="checkResponseBody" time="0.021"/>
  <testcase classname="testCases.v1_pages" name="checkResponseTime" time="0.002"/>
  <testcase classname="testCases.v1_pages" name="checkStatusCode" time="0.001"/>
  <testcase classname="testCases.v1_pages" name="checkStatusLine" time="0.001"/>
  <testcase classname="testCases.v1_pages" name="verifyDeleteStatusCode" time="0.728"/>
  <testcase classname="testCases.v1_pages" name="verifyPostStatusCode" time="0.724">
    <failure type="java.lang.AssertionError" message="expected [429] but found [500]">
      <![CDATA[java.lang.AssertionError: expected [429] but found [500]
at testCases.v1_pages.verifyPostStatusCode(v1_pages.java:98)
at java.base/java.util.ArrayList.forEach(ArrayList.java:1511)
... Removed 33 stack frames]]>
    </failure>
  </testcase> <!-- verifyPostStatusCode -->
  <testcase classname="testCases.v1_pages" name="verifyPutStatusCode" time="0.776"/>
  <testcase classname="testCases.v1_pages" name="verifyQueryParameters" time="0.007">
    <failure type="java.lang.AssertionError" message="expected [[]] but found [[{&amp;quot;id&amp;quot;:&amp;quot;cl2pxld6h45000iln8lwv81ai3&amp;quot;,&amp;quot;subdomain&amp;quot;:&amp;quot;fortuna1&amp;quot;,&amp;quot;name&amp;quot;:&amp;quot;Fortuna1&amp;quot;,&amp;quot;logoUrl&amp;quot;:null,&amp;quot;faviconUrl&amp;quot;:null,&amp;quot;websiteUrl&amp;quot;:null,&amp;quot;customDomain&amp;quot;:null,&amp;quot;publicEmail&amp;quot;:null,&amp;quot;twitter&amp;quot;:null,&amp;quot;status&amp;quot;:&amp;quot;HASISSUES&amp;quot;,&amp;quot;subscribeBySms&amp;quot;:false,&amp;quot;sendSmsNotifications&amp;quot;:true,&amp;quot;language&amp;quot;:&amp;quot;en&amp;quot;,&amp;quot;useLargeHeader&amp;quot;:true,&amp;quot;brandColor&amp;quot;:&amp;quot;#1E1E1E&amp;quot;,&amp;quot;okColor&amp;quot;:&amp;quot;#00B093&amp;quot;,&amp;quot;disruptedColor&amp;quot;:&amp;quot;#ff8c00&amp;quot;,&amp;quot;degradedColor&amp;quot;:&amp;quot;#ECC94B&amp;quot;,&amp;quot;downColor&amp;quot;:&amp;quot;#8f485d&amp;quot;,&amp;quot;noticeColor&amp;quot;:&amp;quot;#708090&amp;quot;,&amp;quot;unknownColor&amp;quot;:&amp;quot;#DFE0E1&amp;quot;,&amp;quot;googleAnalytics&amp;quot;:null,&amp;quot;smsService&amp;quot;:null,&amp;quot;htmlInMeta&amp;quot;:null,&amp;quot;htmlAboveHeader&amp;quot;:null,&amp;quot;htmlBelowHeader&amp;quot;:null,&amp;quot;htmlAboveFooter&amp;quot;:null,&amp;quot;htmlBelowFooter&amp;quot;:null,&amp;quot;htmlBelowSummary&amp;quot;:null,&amp;quot;launchDate&amp;quot;:null,&amp;quot;cssGlobal&amp;quot;:null,&amp;quot;onboarded&amp;quot;:true,&amp;quot;createdAt&amp;quot;:&amp;quot;2022-05-03T09:11:29.273Z&amp;quot;,&amp;quot;updatedAt&amp;quot;:&amp;quot;2022-07-13T14:44:20.490Z&amp;quot;}]]">
      <![CDATA[java.lang.AssertionError: expected [[]] but found [[{"id":"cl2pxld6h45000iln8lwv81ai3","subdomain":"fortuna1","name":"Fortuna1","logoUrl":null,"faviconUrl":null,"websiteUrl":null,"customDomain":null,"publicEmail":null,"twitter":null,"status":"HASISSUES","subscribeBySms":false,"sendSmsNotifications":true,"language":"en","useLargeHeader":true,"brandColor":"#1E1E1E","okColor":"#00B093","disruptedColor":"#ff8c00","degradedColor":"#ECC94B","downColor":"#8f485d","noticeColor":"#708090","unknownColor":"#DFE0E1","googleAnalytics":null,"smsService":null,"htmlInMeta":null,"htmlAboveHeader":null,"htmlBelowHeader":null,"htmlAboveFooter":null,"htmlBelowFooter":null,"htmlBelowSummary":null,"launchDate":null,"cssGlobal":null,"onboarded":true,"createdAt":"2022-05-03T09:11:29.273Z","updatedAt":"2022-07-13T14:44:20.490Z"}]]
at testCases.v1_pages.verifyQueryParameters(v1_pages.java:79)
at java.base/java.util.ArrayList.forEach(ArrayList.java:1511)
... Removed 33 stack frames]]>
    </failure>
  </testcase> <!-- verifyQueryParameters -->
  <testcase classname="testCases.v1_page_id_components" name="checkResponseBody" time="0.002"/>
  <testcase classname="testCases.v1_page_id_components" name="checkResponseTime" time="0.0"/>
  <testcase classname="testCases.v1_page_id_components" name="ckeckStatusCode" time="0.001"/>
  <testcase classname="testCases.v1_page_id_components" name="verifyConnectionStatus" time="0.0">
    <failure type="java.lang.AssertionError" message="expected [close] but found [keep-alive]">
      <![CDATA[java.lang.AssertionError: expected [close] but found [keep-alive]
at testCases.v1_page_id_components.verifyConnectionStatus(v1_page_id_components.java:57)
at java.base/java.util.ArrayList.forEach(ArrayList.java:1511)
... Removed 33 stack frames]]>
    </failure>
  </testcase> <!-- verifyConnectionStatus -->
  <testcase classname="testCases.v1_page_id_components" name="verifyPostGrouping" time="0.798"/>
  <testcase classname="testCases.v1_page_id_components" name="verifyPostIdIsUnique" time="0.744"/>
  <testcase classname="testCases.v1_page_id_components" name="verifyPostRequiredFields" time="0.717"/>
  <testcase classname="testCases.v1_page_id_components" name="verifyPostStatusCategoryIsPredefined" time="0.765"/>
  <testcase classname="testCases.v1_page_id_components" name="verifyPostStatusCode" time="0.76"/>
  <testcase classname="testCases.v1_page_id_components_component_id" name="deleteRequest" time="2.287"/>
  <testcase classname="testCases.v1_page_id_components_component_id" name="verifyGetSingleRecord" time="0.001"/>
  <testcase classname="testCases.v1_page_id_components_component_id" name="verifyPutRequest" time="2.172"/>
  <testcase classname="testCases.v1_page_id_incidents" name="getIncidentsList" time="0.001"/>
  <testcase classname="testCases.v1_page_id_incidents" name="getIncidentsSingleRecord" time="0.702"/>
  <testcase classname="testCases.v1_page_id_incidents" name="postIncident" time="0.011">
    <failure type="java.net.ConnectException" message="Connection refused: connect">
      <![CDATA[java.net.ConnectException: Connection refused: connect
at java.base/sun.nio.ch.Net.connect0(Native Method)
at java.base/sun.nio.ch.Net.connect(Net.java:576)
at java.base/sun.nio.ch.Net.connect(Net.java:565)
at java.base/sun.nio.ch.NioSocketImpl.connect(NioSocketImpl.java:588)
at java.base/java.net.SocksSocketImpl.connect(SocksSocketImpl.java:333)
at java.base/java.net.Socket.connect(Socket.java:645)
at org.apache.http.conn.scheme.PlainSocketFactory.connectSocket(PlainSocketFactory.java:121)
at org.apache.http.impl.conn.DefaultClientConnectionOperator.openConnection(DefaultClientConnectionOperator.java:180)
at org.apache.http.impl.conn.ManagedClientConnectionImpl.open(ManagedClientConnectionImpl.java:326)
at org.apache.http.impl.client.DefaultRequestDirector.tryConnect(DefaultRequestDirector.java:605)
at org.apache.http.impl.client.DefaultRequestDirector.execute(DefaultRequestDirector.java:440)
at org.apache.http.impl.client.AbstractHttpClient.doExecute(AbstractHttpClient.java:835)
at org.apache.http.impl.client.CloseableHttpClient.execute(CloseableHttpClient.java:83)
at io.restassured.internal.RestAssuredHttpBuilder.doRequest(RestAssuredHttpBuilder.java:141)
at io.restassured.internal.http.HTTPBuilder.post(HTTPBuilder.java:349)
at io.restassured.internal.http.HTTPBuilder$post$3.call(Unknown Source)
at io.restassured.internal.RequestSpecificationImpl.sendRequest(RequestSpecificationImpl.groovy:1195)
at io.restassured.internal.RequestSpecificationImpl.this$2$sendRequest(RequestSpecificationImpl.groovy)
at groovy.lang.MetaMethod.doMethodInvoke(MetaMethod.java:328)
at groovy.lang.MetaClassImpl.doInvokeMethod(MetaClassImpl.java:1369)
at groovy.lang.MetaClassImpl.invokeMethod(MetaClassImpl.java:1103)
at groovy.lang.MetaClassImpl.invokeMethod(MetaClassImpl.java:1009)
at groovy.lang.MetaClassImpl.invokeMethod(MetaClassImpl.java:792)
at io.restassured.internal.RequestSpecificationImpl.invokeMethod(RequestSpecificationImpl.groovy)
at org.codehaus.groovy.runtime.callsite.PogoInterceptableSite.call(PogoInterceptableSite.java:46)
at org.codehaus.groovy.runtime.callsite.AbstractCallSite.call(AbstractCallSite.java:166)
at io.restassured.internal.filter.SendRequestFilter.filter(SendRequestFilter.groovy:30)
at io.restassured.filter.Filter$filter$0.call(Unknown Source)
at org.codehaus.groovy.runtime.callsite.CallSiteArray.defaultCall(CallSiteArray.java:46)
at io.restassured.filter.Filter$filter.call(Unknown Source)
at io.restassured.internal.filter.FilterContextImpl.next(FilterContextImpl.groovy:72)
at io.restassured.filter.time.TimingFilter.filter(TimingFilter.java:56)
at io.restassured.filter.Filter$filter.call(Unknown Source)
at org.codehaus.groovy.runtime.callsite.CallSiteArray.defaultCall(CallSiteArray.java:46)
at io.restassured.filter.Filter$filter$0.call(Unknown Source)
at io.restassured.internal.filter.FilterContextImpl.next(FilterContextImpl.groovy:72)
at io.restassured.filter.FilterContext$next.call(Unknown Source)
at io.restassured.internal.RequestSpecificationImpl.applyPathParamsAndSendRequest(RequestSpecificationImpl.groovy:1686)
at io.restassured.internal.RequestSpecificationImpl.this$2$applyPathParamsAndSendRequest(RequestSpecificationImpl.groovy)
at groovy.lang.MetaMethod.doMethodInvoke(MetaMethod.java:328)
at groovy.lang.MetaClassImpl.doInvokeMethod(MetaClassImpl.java:1369)
at groovy.lang.MetaClassImpl.invokeMethod(MetaClassImpl.java:1103)
at groovy.lang.MetaClassImpl.invokeMethod(MetaClassImpl.java:1009)
at groovy.lang.MetaClassImpl.invokeMethod(MetaClassImpl.java:792)
at io.restassured.internal.RequestSpecificationImpl.invokeMethod(RequestSpecificationImpl.groovy)
at org.codehaus.groovy.runtime.callsite.PogoInterceptableSite.call(PogoInterceptableSite.java:46)
at org.codehaus.groovy.runtime.callsite.PogoInterceptableSite.callCurrent(PogoInterceptableSite.java:57)
at org.codehaus.groovy.runtime.callsite.AbstractCallSite.callCurrent(AbstractCallSite.java:203)
at io.restassured.internal.RequestSpecificationImpl.request(RequestSpecificationImpl.groovy:300)
at io.restassured.internal.RequestSpecificationImpl.request(RequestSpecificationImpl.groovy)
at groovy.lang.MetaMethod.doMethodInvoke(MetaMethod.java:328)
at groovy.lang.MetaClassImpl.doInvokeMethod(MetaClassImpl.java:1369)
at groovy.lang.MetaClassImpl.invokeMethod(MetaClassImpl.java:1103)
at groovy.lang.MetaClassImpl.invokeMethod(MetaClassImpl.java:1009)
at groovy.lang.MetaClassImpl.invokeMethod(MetaClassImpl.java:792)
at io.restassured.internal.RequestSpecificationImpl.invokeMethod(RequestSpecificationImpl.groovy)
at org.codehaus.groovy.runtime.callsite.PogoInterceptableSite.call(PogoInterceptableSite.java:46)
at org.codehaus.groovy.runtime.callsite.PogoInterceptableSite.callCurrent(PogoInterceptableSite.java:57)
at org.codehaus.groovy.runtime.callsite.AbstractCallSite.callCurrent(AbstractCallSite.java:203)
at io.restassured.internal.RequestSpecificationImpl.request(RequestSpecificationImpl.groovy:296)
at io.restassured.internal.RequestSpecificationImpl.request(RequestSpecificationImpl.groovy)
at testCases.v1_page_id_incidents.postIncident(v1_page_id_incidents.java:57)
at java.base/java.util.ArrayList.forEach(ArrayList.java:1511)
... Removed 39 stack frames]]>
    </failure>
  </testcase> <!-- postIncident -->
</testsuite> <!-- restAssuredTests -->
